[debug] [2024-06-19T17:22:38.345Z] ----------------------------------------------------------------------
[debug] [2024-06-19T17:22:38.349Z] Command:       C:\Program Files\nodejs\node.exe C:\Users\Teruto\AppData\Roaming\npm\node_modules\firebase-tools\lib\bin\firebase.js login
[debug] [2024-06-19T17:22:38.349Z] CLI Version:   13.11.2
[debug] [2024-06-19T17:22:38.350Z] Platform:      win32
[debug] [2024-06-19T17:22:38.350Z] Node Version:  v20.14.0
[debug] [2024-06-19T17:22:38.350Z] Time:          Thu Jun 20 2024 00:22:38 GMT+0700 (Indochina Time)
[debug] [2024-06-19T17:22:38.350Z] ----------------------------------------------------------------------
[debug] 
[info] i  Firebase optionally collects CLI and Emulator Suite usage and error reporting information to help improve our products. Data is collected in accordance with Google's privacy policy (https://policies.google.com/privacy) and is not used to identify you.
 
[info] i  To change your data collection preference at any time, run `firebase logout` and log in again. 
[info] 
[info] Visit this URL on this device to log in:
[info] https://accounts.google.com/o/oauth2/auth?client_id=563584335869-fgrhgmd47bqnekij5i8b5pr03ho849e6.apps.googleusercontent.com&scope=email%20openid%20https%3A%2F%2Fwww.googleapis.com%2Fauth%2Fcloudplatformprojects.readonly%20https%3A%2F%2Fwww.googleapis.com%2Fauth%2Ffirebase%20https%3A%2F%2Fwww.googleapis.com%2Fauth%2Fcloud-platform&response_type=code&state=258739289&redirect_uri=http%3A%2F%2Flocalhost%3A9005
[info] 
[info] Waiting for authentication...
[debug] [2024-06-19T17:22:40.150Z] Error: spawn cmd ENOENT
    at ChildProcess._handle.onexit (node:internal/child_process:286:19)
    at onErrorNT (node:internal/child_process:484:16)
    at process.processTicksAndRejections (node:internal/process/task_queues:82:21)
[error] 
[error] Error: An unexpected error has occurred.
[debug] [2024-06-19T17:23:19.036Z] ----------------------------------------------------------------------
[debug] [2024-06-19T17:23:19.039Z] Command:       C:\Program Files\nodejs\node.exe C:\Users\Teruto\AppData\Roaming\npm\node_modules\firebase-tools\lib\bin\firebase.js login --reauth
[debug] [2024-06-19T17:23:19.039Z] CLI Version:   13.11.2
[debug] [2024-06-19T17:23:19.039Z] Platform:      win32
[debug] [2024-06-19T17:23:19.040Z] Node Version:  v20.14.0
[debug] [2024-06-19T17:23:19.040Z] Time:          Thu Jun 20 2024 00:23:19 GMT+0700 (Indochina Time)
[debug] [2024-06-19T17:23:19.040Z] ----------------------------------------------------------------------
[debug] 
[info] 
[info] Visit this URL on this device to log in:
[info] https://accounts.google.com/o/oauth2/auth?client_id=563584335869-fgrhgmd47bqnekij5i8b5pr03ho849e6.apps.googleusercontent.com&scope=email%20openid%20https%3A%2F%2Fwww.googleapis.com%2Fauth%2Fcloudplatformprojects.readonly%20https%3A%2F%2Fwww.googleapis.com%2Fauth%2Ffirebase%20https%3A%2F%2Fwww.googleapis.com%2Fauth%2Fcloud-platform&response_type=code&state=551183604&redirect_uri=http%3A%2F%2Flocalhost%3A9005
[info] 
[info] Waiting for authentication...
[debug] [2024-06-19T17:23:19.071Z] Error: spawn cmd ENOENT
    at ChildProcess._handle.onexit (node:internal/child_process:286:19)
    at onErrorNT (node:internal/child_process:484:16)
    at process.processTicksAndRejections (node:internal/process/task_queues:82:21)
[error] 
[error] Error: An unexpected error has occurred.
